<?xml version="1.0" encoding="UTF-8"?>
<testsuites name="Suite 4" time="32" tests="1" failures="0" errors="0">
   <testsuite name="Suite 4" tests="1" failures="0" errors="0" time="32" timestamp="2018-07-24 17:49:47" hostname="slk - WSLK1FFTRFW-11" id="Test Suites/Suite 4">
      <properties>
         <property name="deviceName" value=""/>
         <property name="devicePlatform" value=""/>
         <property name="logFolder" value="C:\\Users\\slk.WSLK1FFTRFW-11.002\\Katalon Studio\\Login Script\\Reports\\Suite 4\\20180724_174946"/>
         <property name="logFiles" value="C:\\Users\\slk.WSLK1FFTRFW-11.002\\Katalon Studio\\Login Script\\Reports\\Suite 4\\20180724_174946\\execution0.log"/>
         <property name="attachments" value=""/>
         <property name="hostName" value="slk - WSLK1FFTRFW-11"/>
         <property name="os" value="Windows 7 64bit"/>
         <property name="katalonVersion" value="5.5.0.1"/>
         <property name="browser" value="Chrome 67.0.3396.99"/>
         <property name="hostAddress" value="10.10.10.20"/>
         <property name="sessionId" value="db3b6ed4ccee845bbd03ff912c8dfc75"/>
         <property name="seleniumVersion" value="3.7.1"/>
         <property name="proxyInformation" value="ProxyInformation{proxyOption=NO_PROXY, proxyServerType=HTTP, password=, proxyServerAddress=, proxyServerPort=0}"/>
         <property name="platform" value="Windows 7"/>
      </properties>
      <testcase name="Test Cases/Katalon Recoder 1" classname="Test Cases/Katalon Recoder 1" status="PASSED">
         <system-out><![CDATA[2018-07-24 17:49:48 - [TEST_CASE][PASSED] - Test Cases/Katalon Recoder 1: Test Cases/Katalon Recoder 1

2018-07-24 17:49:48 - [TEST_STEP][PASSED] - openBrowser: Browser is opened with url: 'https://www.katalon.com/'

2018-07-24 17:50:17 - [MESSAGE][PASSED] - Browser is opened with url: 'https://www.katalon.com/'

2018-07-24 17:50:17 - [TEST_STEP][PASSED] - Statement - driver = com.kms.katalon.core.webui.driver.DriverFactory.getWebDriver(): null

2018-07-24 17:50:17 - [TEST_STEP][PASSED] - Statement - baseUrl = "https://www.katalon.com/": null

2018-07-24 17:50:17 - [TEST_STEP][PASSED] - Statement - selenium = new com.thoughtworks.selenium.webdriven.WebDriverBackedSelenium(driver, baseUrl): null

2018-07-24 17:50:18 - [TEST_STEP][PASSED] - Statement - selenium.open("https://www.katalon.com/sign-up/"): null

2018-07-24 17:50:19 - [TEST_STEP][PASSED] - Statement - selenium.type("id=user_login", "svgsfg"): null

2018-07-24 17:50:19 - [TEST_STEP][PASSED] - Statement - selenium.click("id=user_email"): null

2018-07-24 17:50:19 - [TEST_STEP][PASSED] - Statement - selenium.type("id=user_email", "drgh"): null

2018-07-24 17:50:19 - [TEST_STEP][PASSED] - Statement - selenium.click("id=user_pass"): null

2018-07-24 17:50:19 - [TEST_STEP][PASSED] - Statement - selenium.type("id=user_pass", "ethyet"): null

2018-07-24 17:50:19 - [TEST_STEP][PASSED] - Statement - selenium.click("id=signup-btn"): null]]></system-out>
         <system-err><![CDATA[]]></system-err>
      </testcase>
      <system-out><![CDATA[2018-07-24 17:49:47 - [TEST_SUITE][PASSED] - Suite 4: Test Cases/Katalon Recoder 1]]></system-out>
      <system-err><![CDATA[]]></system-err>
   </testsuite>
</testsuites>
