<?xml version="1.0" encoding="UTF-8"?>
<testsuites name="Demo 4- Suite" time="26" tests="0" failures="1" errors="0">
   <testsuite name="Demo 4- Suite" tests="0" failures="1" errors="0" time="26" timestamp="2018-07-25 11:49:41" hostname="slk - WSLK1FFTRFW-11" id="Test Suites/Demo 4- Suite">
      <properties>
         <property name="deviceName" value=""/>
         <property name="devicePlatform" value=""/>
         <property name="logFolder" value="C:\\Users\\slk.WSLK1FFTRFW-11.002\\Katalon Studio\\Login Script\\Reports\\Demo 4- Suite\\20180725_114940"/>
         <property name="logFiles" value="C:\\Users\\slk.WSLK1FFTRFW-11.002\\Katalon Studio\\Login Script\\Reports\\Demo 4- Suite\\20180725_114940\\execution0.log"/>
         <property name="attachments" value=""/>
         <property name="hostName" value="slk - WSLK1FFTRFW-11"/>
         <property name="hostAddress" value="10.10.10.20"/>
         <property name="os" value="Windows 7 64bit"/>
         <property name="katalonVersion" value="5.5.0.1"/>
      </properties>
      <testcase name="Test Cases/Day 2_Traing/Demo 4" classname="Test Cases/Day 2_Traing/Demo 4" status="FAILED">
         <failure type="FAILED" message="Unable to open browser with url: '' (Root cause: org.openqa.selenium.WebDriverException: Failed to decode response from marionette
Build info: version: '3.7.1', revision: '8a0099a', time: '2017-11-06T21:07:36.161Z'
System info: host: 'WSLK1FFTRFW-11', ip: '10.10.10.20', os.name: 'Windows 7', os.arch: 'amd64', os.version: '6.1', java.version: '1.8.0_102'
Driver info: com.kms.katalon.core.webui.driver.firefox.CGeckoDriver
Capabilities {acceptInsecureCerts: true, browserName: firefox, browserVersion: 60.0.2, javascriptEnabled: true, moz:accessibilityChecks: false, moz:headless: false, moz:processID: 19128, moz:profile: C:\Users\slk.WSLK1FFTRFW-11..., moz:useNonSpecCompliantPointerOrigin: false, moz:webdriverClick: true, pageLoadStrategy: normal, platform: XP, platformName: XP, platformVersion: 6.1, proxy: Proxy(direct), rotatable: false, timeouts: {implicit: 0, pageLoad: 300000, script: 30000}}
Session ID: 321a9c33-d72b-4712-b693-cec21672b9b7)"/>
         <system-out><![CDATA[2018-07-25 11:49:41 - [TEST_CASE][FAILED] - Test Cases/Day 2_Traing/Demo 4: Test Cases/Day 2_Traing/Demo 4 FAILED because (of) Unable to open browser with url: '' (Root cause: org.openqa.selenium.WebDriverException: Failed to decode response from marionette
Build info: version: '3.7.1', revision: '8a0099a', time: '2017-11-06T21:07:36.161Z'
System info: host: 'WSLK1FFTRFW-11', ip: '10.10.10.20', os.name: 'Windows 7', os.arch: 'amd64', os.version: '6.1', java.version: '1.8.0_102'
Driver info: com.kms.katalon.core.webui.driver.firefox.CGeckoDriver
Capabilities {acceptInsecureCerts: true, browserName: firefox, browserVersion: 60.0.2, javascriptEnabled: true, moz:accessibilityChecks: false, moz:headless: false, moz:processID: 19128, moz:profile: C:\Users\slk.WSLK1FFTRFW-11..., moz:useNonSpecCompliantPointerOrigin: false, moz:webdriverClick: true, pageLoadStrategy: normal, platform: XP, platformName: XP, platformVersion: 6.1, proxy: Proxy(direct), rotatable: false, timeouts: {implicit: 0, pageLoad: 300000, script: 30000}}
Session ID: 321a9c33-d72b-4712-b693-cec21672b9b7)

2018-07-25 11:49:42 - [TEST_STEP][FAILED] - openBrowser: Unable to open browser with url: '' (Root cause: org.openqa.selenium.WebDriverException: Failed to decode response from marionette
Build info: version: '3.7.1', revision: '8a0099a', time: '2017-11-06T21:07:36.161Z'
System info: host: 'WSLK1FFTRFW-11', ip: '10.10.10.20', os.name: 'Windows 7', os.arch: 'amd64', os.version: '6.1', java.version: '1.8.0_102'
Driver info: com.kms.katalon.core.webui.driver.firefox.CGeckoDriver
Capabilities {acceptInsecureCerts: true, browserName: firefox, browserVersion: 60.0.2, javascriptEnabled: true, moz:accessibilityChecks: false, moz:headless: false, moz:processID: 19128, moz:profile: C:\Users\slk.WSLK1FFTRFW-11..., moz:useNonSpecCompliantPointerOrigin: false, moz:webdriverClick: true, pageLoadStrategy: normal, platform: XP, platformName: XP, platformVersion: 6.1, proxy: Proxy(direct), rotatable: false, timeouts: {implicit: 0, pageLoad: 300000, script: 30000}}
Session ID: 321a9c33-d72b-4712-b693-cec21672b9b7)

2018-07-25 11:50:08 - [MESSAGE][FAILED] - Unable to open browser with url: '' (Root cause: org.openqa.selenium.WebDriverException: Failed to decode response from marionette
Build info: version: '3.7.1', revision: '8a0099a', time: '2017-11-06T21:07:36.161Z'
System info: host: 'WSLK1FFTRFW-11', ip: '10.10.10.20', os.name: 'Windows 7', os.arch: 'amd64', os.version: '6.1', java.version: '1.8.0_102'
Driver info: com.kms.katalon.core.webui.driver.firefox.CGeckoDriver
Capabilities {acceptInsecureCerts: true, browserName: firefox, browserVersion: 60.0.2, javascriptEnabled: true, moz:accessibilityChecks: false, moz:headless: false, moz:processID: 19128, moz:profile: C:\Users\slk.WSLK1FFTRFW-11..., moz:useNonSpecCompliantPointerOrigin: false, moz:webdriverClick: true, pageLoadStrategy: normal, platform: XP, platformName: XP, platformVersion: 6.1, proxy: Proxy(direct), rotatable: false, timeouts: {implicit: 0, pageLoad: 300000, script: 30000}}
Session ID: 321a9c33-d72b-4712-b693-cec21672b9b7)]]></system-out>
         <system-err><![CDATA[2018-07-25 11:49:41 - [TEST_CASE][FAILED] - Test Cases/Day 2_Traing/Demo 4: Test Cases/Day 2_Traing/Demo 4 FAILED because (of) Unable to open browser with url: '' (Root cause: org.openqa.selenium.WebDriverException: Failed to decode response from marionette
Build info: version: '3.7.1', revision: '8a0099a', time: '2017-11-06T21:07:36.161Z'
System info: host: 'WSLK1FFTRFW-11', ip: '10.10.10.20', os.name: 'Windows 7', os.arch: 'amd64', os.version: '6.1', java.version: '1.8.0_102'
Driver info: com.kms.katalon.core.webui.driver.firefox.CGeckoDriver
Capabilities {acceptInsecureCerts: true, browserName: firefox, browserVersion: 60.0.2, javascriptEnabled: true, moz:accessibilityChecks: false, moz:headless: false, moz:processID: 19128, moz:profile: C:\Users\slk.WSLK1FFTRFW-11..., moz:useNonSpecCompliantPointerOrigin: false, moz:webdriverClick: true, pageLoadStrategy: normal, platform: XP, platformName: XP, platformVersion: 6.1, proxy: Proxy(direct), rotatable: false, timeouts: {implicit: 0, pageLoad: 300000, script: 30000}}
Session ID: 321a9c33-d72b-4712-b693-cec21672b9b7)]]></system-err>
      </testcase>
      <system-out><![CDATA[2018-07-25 11:49:41 - [TEST_SUITE][INCOMPLETE] - Demo 4- Suite: null]]></system-out>
      <system-err><![CDATA[2018-07-25 11:49:41 - [TEST_SUITE][INCOMPLETE] - Demo 4- Suite: null]]></system-err>
   </testsuite>
</testsuites>
