<?xml version="1.0" encoding="UTF-8"?>
<testsuites name="Suite 2" time="47" tests="1" failures="0" errors="0">
   <testsuite name="Suite 2" tests="1" failures="0" errors="0" time="47" timestamp="2018-07-24 15:41:06" hostname="slk - WSLK1FFTRFW-11" id="Test Suites/Suite 2">
      <properties>
         <property name="deviceName" value=""/>
         <property name="devicePlatform" value=""/>
         <property name="logFolder" value="C:\\Users\\slk.WSLK1FFTRFW-11.002\\Katalon Studio\\Login Script\\Reports\\Suite 2\\20180724_154105"/>
         <property name="logFiles" value="C:\\Users\\slk.WSLK1FFTRFW-11.002\\Katalon Studio\\Login Script\\Reports\\Suite 2\\20180724_154105\\execution0.log"/>
         <property name="attachments" value=""/>
         <property name="hostName" value="slk - WSLK1FFTRFW-11"/>
         <property name="os" value="Windows 7 64bit"/>
         <property name="katalonVersion" value="5.5.0.1"/>
         <property name="browser" value="Firefox 60.0"/>
         <property name="hostAddress" value="10.10.10.20"/>
         <property name="sessionId" value="dba0f803-795b-4207-bc00-e973c72af48d"/>
         <property name="seleniumVersion" value="3.7.1"/>
         <property name="proxyInformation" value="ProxyInformation{proxyOption=NO_PROXY, proxyServerType=HTTP, password=, proxyServerAddress=, proxyServerPort=0}"/>
         <property name="platform" value="Windows 7"/>
      </properties>
      <testcase name="Test Cases/Logi_Script/Demo 2" classname="Test Cases/Logi_Script/Demo 2" status="PASSED">
         <system-out><![CDATA[2018-07-24 15:41:06 - [TEST_CASE][PASSED] - Test Cases/Logi_Script/Demo 2: Test Cases/Logi_Script/Demo 2

2018-07-24 15:41:07 - [TEST_STEP][PASSED] - openBrowser: Browser is opened with url: ''

2018-07-24 15:41:32 - [MESSAGE][PASSED] - Browser is opened with url: ''

2018-07-24 15:41:32 - [TEST_STEP][PASSED] - navigateToUrl: Navigate to 'https://opensource-demo.orangehrmlive.com/' successfully

2018-07-24 15:41:37 - [MESSAGE][PASSED] - Navigate to 'https://opensource-demo.orangehrmlive.com/' successfully

2018-07-24 15:41:37 - [TEST_STEP][PASSED] - setText: Text 'Admin' is set on object 'Object Repository/Link Validation _ Demo2/Page_OrangeHRM/input_txtUsername'

2018-07-24 15:41:38 - [MESSAGE][PASSED] - Text 'Admin' is set on object 'Object Repository/Link Validation _ Demo2/Page_OrangeHRM/input_txtUsername'

2018-07-24 15:41:38 - [TEST_STEP][PASSED] - setEncryptedText: Text ****** has been set on object 'Object Repository/Link Validation _ Demo2/Page_OrangeHRM/input_txtPassword'

2018-07-24 15:41:38 - [MESSAGE][PASSED] - Text ****** has been set on object 'Object Repository/Link Validation _ Demo2/Page_OrangeHRM/input_txtPassword'

2018-07-24 15:41:38 - [TEST_STEP][PASSED] - click: Object: 'Object Repository/Link Validation _ Demo2/Page_OrangeHRM/input_Submit' is clicked on

2018-07-24 15:41:40 - [MESSAGE][PASSED] - Object: 'Object Repository/Link Validation _ Demo2/Page_OrangeHRM/input_Submit' is clicked on

2018-07-24 15:41:40 - [TEST_STEP][PASSED] - click: Object: 'Object Repository/Link Validation _ Demo2/Page_OrangeHRM/b_Admin' is clicked on

2018-07-24 15:41:41 - [MESSAGE][PASSED] - Object: 'Object Repository/Link Validation _ Demo2/Page_OrangeHRM/b_Admin' is clicked on

2018-07-24 15:41:41 - [TEST_STEP][PASSED] - click: Object: 'Object Repository/Link Validation _ Demo2/Page_OrangeHRM/b_PIM' is clicked on

2018-07-24 15:41:41 - [MESSAGE][PASSED] - Object: 'Object Repository/Link Validation _ Demo2/Page_OrangeHRM/b_PIM' is clicked on

2018-07-24 15:41:41 - [TEST_STEP][PASSED] - delay: Delayed 2 second(s)

2018-07-24 15:41:43 - [MESSAGE][PASSED] - Delayed 2 second(s)

2018-07-24 15:41:43 - [TEST_STEP][PASSED] - click: Object: 'Object Repository/Link Validation _ Demo2/Page_OrangeHRM/b_Leave' is clicked on

2018-07-24 15:41:45 - [MESSAGE][PASSED] - Object: 'Object Repository/Link Validation _ Demo2/Page_OrangeHRM/b_Leave' is clicked on

2018-07-24 15:41:45 - [TEST_STEP][PASSED] - click: Object: 'Object Repository/Link Validation _ Demo2/Page_OrangeHRM/b_Recruitment' is clicked on

2018-07-24 15:41:47 - [MESSAGE][PASSED] - Object: 'Object Repository/Link Validation _ Demo2/Page_OrangeHRM/b_Recruitment' is clicked on

2018-07-24 15:41:47 - [TEST_STEP][PASSED] - delay: Delayed 4 second(s)

2018-07-24 15:41:51 - [MESSAGE][PASSED] - Delayed 4 second(s)

2018-07-24 15:41:51 - [TEST_STEP][PASSED] - click: Object: 'Object Repository/Link Validation _ Demo2/Page_OrangeHRM/b_Dashboard' is clicked on

2018-07-24 15:41:51 - [MESSAGE][PASSED] - Object: 'Object Repository/Link Validation _ Demo2/Page_OrangeHRM/b_Dashboard' is clicked on

2018-07-24 15:41:51 - [TEST_STEP][PASSED] - click: Object: 'Object Repository/Link Validation _ Demo2/Page_OrangeHRM/a_Directory' is clicked on

2018-07-24 15:41:53 - [MESSAGE][PASSED] - Object: 'Object Repository/Link Validation _ Demo2/Page_OrangeHRM/a_Directory' is clicked on]]></system-out>
         <system-err><![CDATA[]]></system-err>
      </testcase>
      <system-out><![CDATA[2018-07-24 15:41:06 - [TEST_SUITE][PASSED] - Suite 2: Test Cases/Logi_Script/Demo 2]]></system-out>
      <system-err><![CDATA[]]></system-err>
   </testsuite>
</testsuites>
