<?xml version="1.0" encoding="UTF-8"?>
<testsuites name="Suite 3" time="81" tests="2" failures="0" errors="0">
   <testsuite name="Suite 3" tests="2" failures="0" errors="0" time="81" timestamp="2018-07-24 16:37:12" hostname="slk - WSLK1FFTRFW-11" id="Test Suites/Suite 3">
      <properties>
         <property name="deviceName" value=""/>
         <property name="devicePlatform" value=""/>
         <property name="logFolder" value="C:\\Users\\slk.WSLK1FFTRFW-11.002\\Katalon Studio\\Login Script\\Reports\\Suite 3\\20180724_163711"/>
         <property name="logFiles" value="C:\\Users\\slk.WSLK1FFTRFW-11.002\\Katalon Studio\\Login Script\\Reports\\Suite 3\\20180724_163711\\execution0.log"/>
         <property name="attachments" value=""/>
         <property name="hostName" value="slk - WSLK1FFTRFW-11"/>
         <property name="os" value="Windows 7 64bit"/>
         <property name="katalonVersion" value="5.5.0.1"/>
         <property name="browser" value="Firefox 60.0"/>
         <property name="hostAddress" value="10.10.10.20"/>
         <property name="sessionId" value="2a85adc9-7f8b-4eae-9085-841881438f48"/>
         <property name="seleniumVersion" value="3.7.1"/>
         <property name="proxyInformation" value="ProxyInformation{proxyOption=NO_PROXY, proxyServerType=HTTP, password=, proxyServerAddress=, proxyServerPort=0}"/>
         <property name="platform" value="Windows 7"/>
      </properties>
      <testcase name="Test Cases/Demo 7" classname="Test Cases/Demo 7" status="PASSED">
         <system-out><![CDATA[2018-07-24 16:37:12 - [TEST_CASE][PASSED] - Test Cases/Demo 7: Test Cases/Demo 7

2018-07-24 16:37:13 - [TEST_STEP][PASSED] - openBrowser: Browser is opened with url: ''

2018-07-24 16:37:39 - [MESSAGE][PASSED] - Browser is opened with url: ''

2018-07-24 16:37:39 - [TEST_STEP][PASSED] - navigateToUrl: Navigate to 'https://opensource-demo.orangehrmlive.com/' successfully

2018-07-24 16:37:44 - [MESSAGE][PASSED] - Navigate to 'https://opensource-demo.orangehrmlive.com/' successfully

2018-07-24 16:37:44 - [TEST_STEP][PASSED] - setText: Text 'Admin' is set on object 'Object Repository/Validation_Demo 7/Page_OrangeHRM/input_txtUsername'

2018-07-24 16:37:44 - [MESSAGE][PASSED] - Text 'Admin' is set on object 'Object Repository/Validation_Demo 7/Page_OrangeHRM/input_txtUsername'

2018-07-24 16:37:44 - [TEST_STEP][PASSED] - click: Object: 'Object Repository/Validation_Demo 7/Page_OrangeHRM/div_Password' is clicked on

2018-07-24 16:37:44 - [MESSAGE][PASSED] - Object: 'Object Repository/Validation_Demo 7/Page_OrangeHRM/div_Password' is clicked on

2018-07-24 16:37:44 - [TEST_STEP][PASSED] - setEncryptedText: Text ****** has been set on object 'Object Repository/Validation_Demo 7/Page_OrangeHRM/input_txtPassword'

2018-07-24 16:37:44 - [MESSAGE][PASSED] - Text ****** has been set on object 'Object Repository/Validation_Demo 7/Page_OrangeHRM/input_txtPassword'

2018-07-24 16:37:44 - [TEST_STEP][PASSED] - click: Object: 'Object Repository/Validation_Demo 7/Page_OrangeHRM/input_Submit' is clicked on

2018-07-24 16:37:46 - [MESSAGE][PASSED] - Object: 'Object Repository/Validation_Demo 7/Page_OrangeHRM/input_Submit' is clicked on

2018-07-24 16:37:46 - [TEST_STEP][PASSED] - click: Object: 'Object Repository/Validation_Demo 7/Page_OrangeHRM/b_Recruitment' is clicked on

2018-07-24 16:37:48 - [MESSAGE][PASSED] - Object: 'Object Repository/Validation_Demo 7/Page_OrangeHRM/b_Recruitment' is clicked on

2018-07-24 16:37:48 - [TEST_STEP][PASSED] - click: Object: 'Object Repository/Validation_Demo 7/Page_OrangeHRM/input_btnSrch' is clicked on

2018-07-24 16:37:49 - [MESSAGE][PASSED] - Object: 'Object Repository/Validation_Demo 7/Page_OrangeHRM/input_btnSrch' is clicked on

2018-07-24 16:37:49 - [TEST_STEP][PASSED] - click: Object: 'Object Repository/Validation_Demo 7/Page_OrangeHRM/input_btnAdd' is clicked on

2018-07-24 16:37:50 - [MESSAGE][PASSED] - Object: 'Object Repository/Validation_Demo 7/Page_OrangeHRM/input_btnAdd' is clicked on

2018-07-24 16:37:50 - [TEST_STEP][PASSED] - setText: Text 'MS123' is set on object 'Object Repository/Validation_Demo 7/Page_OrangeHRM/input_addCandidatefirstName'

2018-07-24 16:37:50 - [MESSAGE][PASSED] - Text 'MS123' is set on object 'Object Repository/Validation_Demo 7/Page_OrangeHRM/input_addCandidatefirstName'

2018-07-24 16:37:50 - [TEST_STEP][PASSED] - setText: Text '456' is set on object 'Object Repository/Validation_Demo 7/Page_OrangeHRM/input_addCandidatelastName'

2018-07-24 16:37:50 - [MESSAGE][PASSED] - Text '456' is set on object 'Object Repository/Validation_Demo 7/Page_OrangeHRM/input_addCandidatelastName'

2018-07-24 16:37:50 - [TEST_STEP][PASSED] - setText: Text 'MS@slk.com' is set on object 'Object Repository/Validation_Demo 7/Page_OrangeHRM/input_addCandidateemail'

2018-07-24 16:37:50 - [MESSAGE][PASSED] - Text 'MS@slk.com' is set on object 'Object Repository/Validation_Demo 7/Page_OrangeHRM/input_addCandidateemail'

2018-07-24 16:37:50 - [TEST_STEP][PASSED] - setText: Text 'Demo purpose' is set on object 'Object Repository/Validation_Demo 7/Page_OrangeHRM/textarea_addCandidatecomment'

2018-07-24 16:37:50 - [MESSAGE][PASSED] - Text 'Demo purpose' is set on object 'Object Repository/Validation_Demo 7/Page_OrangeHRM/textarea_addCandidatecomment'

2018-07-24 16:37:50 - [TEST_STEP][PASSED] - click: Object: 'Object Repository/Validation_Demo 7/Page_OrangeHRM/input_btnSave' is clicked on

2018-07-24 16:37:52 - [MESSAGE][PASSED] - Object: 'Object Repository/Validation_Demo 7/Page_OrangeHRM/input_btnSave' is clicked on

2018-07-24 16:37:52 - [TEST_STEP][PASSED] - click: Object: 'Object Repository/Validation_Demo 7/Page_OrangeHRM/a_Candidates' is clicked on

2018-07-24 16:37:53 - [MESSAGE][PASSED] - Object: 'Object Repository/Validation_Demo 7/Page_OrangeHRM/a_Candidates' is clicked on

2018-07-24 16:37:53 - [TEST_STEP][PASSED] - click: Object: 'Object Repository/Validation_Demo 7/Page_OrangeHRM/a_MS123  456' is clicked on

2018-07-24 16:37:54 - [MESSAGE][PASSED] - Object: 'Object Repository/Validation_Demo 7/Page_OrangeHRM/a_MS123  456' is clicked on

2018-07-24 16:37:54 - [TEST_STEP][PASSED] - doubleClick: Object: 'Object Repository/Validation_Demo 7/Page_OrangeHRM/textarea_Demo purpose' is double clicked on

2018-07-24 16:37:54 - [MESSAGE][PASSED] - Object: 'Object Repository/Validation_Demo 7/Page_OrangeHRM/textarea_Demo purpose' is double clicked on]]></system-out>
         <system-err><![CDATA[]]></system-err>
      </testcase>
      <testcase name="Test Cases/Demo 8" classname="Test Cases/Demo 8" status="PASSED">
         <system-out><![CDATA[2018-07-24 16:37:54 - [TEST_CASE][PASSED] - Test Cases/Demo 8: Test Cases/Demo 8

2018-07-24 16:37:54 - [TEST_STEP][PASSED] - openBrowser: Browser is opened with url: ''

2018-07-24 16:37:54 - [MESSAGE][WARNING] - A browser is already opened. Closing browser and opening a new one

2018-07-24 16:38:19 - [MESSAGE][PASSED] - Browser is opened with url: ''

2018-07-24 16:38:19 - [TEST_STEP][PASSED] - navigateToUrl: Navigate to 'https://opensource-demo.orangehrmlive.com/' successfully

2018-07-24 16:38:24 - [MESSAGE][PASSED] - Navigate to 'https://opensource-demo.orangehrmlive.com/' successfully

2018-07-24 16:38:24 - [TEST_STEP][PASSED] - setText: Text 'Admin' is set on object 'Object Repository/Validate _ Demo 8/Page_OrangeHRM/input_txtUsername'

2018-07-24 16:38:24 - [MESSAGE][PASSED] - Text 'Admin' is set on object 'Object Repository/Validate _ Demo 8/Page_OrangeHRM/input_txtUsername'

2018-07-24 16:38:24 - [TEST_STEP][PASSED] - setEncryptedText: Text ****** has been set on object 'Object Repository/Validate _ Demo 8/Page_OrangeHRM/input_txtPassword'

2018-07-24 16:38:24 - [MESSAGE][PASSED] - Text ****** has been set on object 'Object Repository/Validate _ Demo 8/Page_OrangeHRM/input_txtPassword'

2018-07-24 16:38:24 - [TEST_STEP][PASSED] - click: Object: 'Object Repository/Validate _ Demo 8/Page_OrangeHRM/input_Submit' is clicked on

2018-07-24 16:38:26 - [MESSAGE][PASSED] - Object: 'Object Repository/Validate _ Demo 8/Page_OrangeHRM/input_Submit' is clicked on

2018-07-24 16:38:26 - [TEST_STEP][PASSED] - click: Object: 'Object Repository/Validate _ Demo 8/Page_OrangeHRM/b_Directory' is clicked on

2018-07-24 16:38:28 - [MESSAGE][PASSED] - Object: 'Object Repository/Validate _ Demo 8/Page_OrangeHRM/b_Directory' is clicked on

2018-07-24 16:38:28 - [TEST_STEP][PASSED] - click: Object: 'Object Repository/Validate _ Demo 8/Page_OrangeHRM/input__search' is clicked on

2018-07-24 16:38:29 - [MESSAGE][PASSED] - Object: 'Object Repository/Validate _ Demo 8/Page_OrangeHRM/input__search' is clicked on

2018-07-24 16:38:29 - [TEST_STEP][PASSED] - click: Object: 'Object Repository/Validate _ Demo 8/Page_OrangeHRM/b_Robert Craig' is clicked on

2018-07-24 16:38:30 - [MESSAGE][PASSED] - Object: 'Object Repository/Validate _ Demo 8/Page_OrangeHRM/b_Robert Craig' is clicked on

2018-07-24 16:38:30 - [TEST_STEP][PASSED] - click: Object: 'Object Repository/Validate _ Demo 8/Page_OrangeHRM/img_empPic' is clicked on

2018-07-24 16:38:30 - [MESSAGE][PASSED] - Object: 'Object Repository/Validate _ Demo 8/Page_OrangeHRM/img_empPic' is clicked on

2018-07-24 16:38:30 - [TEST_STEP][PASSED] - click: Object: 'Object Repository/Validate _ Demo 8/Page_OrangeHRM/b_My Info' is clicked on

2018-07-24 16:38:31 - [MESSAGE][PASSED] - Object: 'Object Repository/Validate _ Demo 8/Page_OrangeHRM/b_My Info' is clicked on

2018-07-24 16:38:31 - [TEST_STEP][PASSED] - click: Object: 'Object Repository/Validate _ Demo 8/Page_OrangeHRM/input_btnSave' is clicked on

2018-07-24 16:38:31 - [MESSAGE][PASSED] - Object: 'Object Repository/Validate _ Demo 8/Page_OrangeHRM/input_btnSave' is clicked on

2018-07-24 16:38:31 - [TEST_STEP][PASSED] - setText: Text 'Steven 123' is set on object 'Object Repository/Validate _ Demo 8/Page_OrangeHRM/input_personaltxtEmpFirstName'

2018-07-24 16:38:31 - [MESSAGE][PASSED] - Text 'Steven 123' is set on object 'Object Repository/Validate _ Demo 8/Page_OrangeHRM/input_personaltxtEmpFirstName'

2018-07-24 16:38:31 - [TEST_STEP][PASSED] - click: Object: 'Object Repository/Validate _ Demo 8/Page_OrangeHRM/input_btnSave' is clicked on

2018-07-24 16:38:33 - [MESSAGE][PASSED] - Object: 'Object Repository/Validate _ Demo 8/Page_OrangeHRM/input_btnSave' is clicked on]]></system-out>
         <system-err><![CDATA[]]></system-err>
      </testcase>
      <system-out><![CDATA[2018-07-24 16:37:12 - [TEST_SUITE][PASSED] - Suite 3: Test Cases/Demo 8]]></system-out>
      <system-err><![CDATA[]]></system-err>
   </testsuite>
</testsuites>
